{"/Users/andrewsmith/developer/repos/reference-app/packages/native-app/index.android.js": {"path":"/Users/andrewsmith/developer/repos/reference-app/packages/native-app/index.android.js","statementMap":{"0":{"start":{"line":17,"column":4},"end":{"line":30,"column":6}},"1":{"start":{"line":34,"column":15},"end":{"line":51,"column":2}},"2":{"start":{"line":53,"column":0},"end":{"line":53,"column":60}},"3":{"start":{"line":53,"column":49},"end":{"line":53,"column":58}}},"fnMap":{"0":{"name":"(anonymous_0)","decl":{"start":{"line":16,"column":2},"end":{"line":16,"column":3}},"loc":{"start":{"line":16,"column":11},"end":{"line":31,"column":3}},"line":16},"1":{"name":"(anonymous_1)","decl":{"start":{"line":53,"column":43},"end":{"line":53,"column":44}},"loc":{"start":{"line":53,"column":49},"end":{"line":53,"column":58}},"line":53}},"branchMap":{},"s":{"0":1,"1":1,"2":1,"3":0},"f":{"0":1,"1":0},"b":{},"_coverageSchema":"332fd63041d2c1bcb487cc26dd0d5f7d97098a6c","hash":"3d358098ae6ff8f0512571d8de7d146542bf44a0"}
,"/Users/andrewsmith/developer/repos/reference-app/packages/native-app/index.ios.js": {"path":"/Users/andrewsmith/developer/repos/reference-app/packages/native-app/index.ios.js","statementMap":{"0":{"start":{"line":17,"column":4},"end":{"line":30,"column":6}},"1":{"start":{"line":34,"column":15},"end":{"line":51,"column":2}},"2":{"start":{"line":53,"column":0},"end":{"line":53,"column":60}},"3":{"start":{"line":53,"column":49},"end":{"line":53,"column":58}}},"fnMap":{"0":{"name":"(anonymous_0)","decl":{"start":{"line":16,"column":2},"end":{"line":16,"column":3}},"loc":{"start":{"line":16,"column":11},"end":{"line":31,"column":3}},"line":16},"1":{"name":"(anonymous_1)","decl":{"start":{"line":53,"column":43},"end":{"line":53,"column":44}},"loc":{"start":{"line":53,"column":49},"end":{"line":53,"column":58}},"line":53}},"branchMap":{},"s":{"0":1,"1":1,"2":1,"3":0},"f":{"0":1,"1":0},"b":{},"_coverageSchema":"332fd63041d2c1bcb487cc26dd0d5f7d97098a6c","hash":"2e02fe2a7281e41de8dd6e7298d0c8a10383cdb5"}
}
