{"/Users/andrewsmith/developer/repos/reference-app/packages/server-app/logger.js": {"path":"/Users/andrewsmith/developer/repos/reference-app/packages/server-app/logger.js","statementMap":{"0":{"start":{"line":1,"column":13},"end":{"line":3,"column":2}},"1":{"start":{"line":8,"column":4},"end":{"line":10,"column":6}},"2":{"start":{"line":9,"column":30},"end":{"line":9,"column":89}},"3":{"start":{"line":9,"column":62},"end":{"line":9,"column":88}},"4":{"start":{"line":14,"column":4},"end":{"line":14,"column":34}},"5":{"start":{"line":18,"column":26},"end":{"line":18,"column":49}}},"fnMap":{"0":{"name":"createLogger","decl":{"start":{"line":5,"column":16},"end":{"line":5,"column":28}},"loc":{"start":{"line":7,"column":32},"end":{"line":11,"column":1}},"line":7},"1":{"name":"(anonymous_1)","decl":{"start":{"line":9,"column":13},"end":{"line":9,"column":14}},"loc":{"start":{"line":9,"column":30},"end":{"line":9,"column":89}},"line":9},"2":{"name":"(anonymous_2)","decl":{"start":{"line":9,"column":49},"end":{"line":9,"column":50}},"loc":{"start":{"line":9,"column":62},"end":{"line":9,"column":88}},"line":9},"3":{"name":"configure","decl":{"start":{"line":13,"column":16},"end":{"line":13,"column":25}},"loc":{"start":{"line":13,"column":34},"end":{"line":15,"column":1}},"line":13},"4":{"name":"(anonymous_4)","decl":{"start":{"line":18,"column":9},"end":{"line":18,"column":10}},"loc":{"start":{"line":18,"column":26},"end":{"line":18,"column":49}},"line":18}},"branchMap":{},"s":{"0":1,"1":5,"2":2,"3":3,"4":1,"5":1},"f":{"0":5,"1":2,"2":3,"3":1,"4":1},"b":{},"_coverageSchema":"332fd63041d2c1bcb487cc26dd0d5f7d97098a6c","hash":"130e7f4b4c65806f2471fb695f1e716efcb984eb"}
}
